<?xml version="1.0" encoding="UTF-8"?>
<testng-results ignored="0" total="9" passed="7" failed="2" skipped="0">
  <reporter-output>
  </reporter-output>
  <suite started-at="2023-06-04T17:34:16 IST" name="Suite" finished-at="2023-06-04T17:37:08 IST" duration-ms="172044">
    <groups>
    </groups>
    <test started-at="2023-06-04T17:34:16 IST" name="Test" finished-at="2023-06-04T17:37:08 IST" duration-ms="172044">
      <class name="SpiceJetTestCases.LoginTestcase">
        <test-method is-config="true" signature="start()[pri:0, instance:SpiceJetTestCases.LoginTestcase@4e08711f]" started-at="2023-06-04T17:34:16 IST" name="start" finished-at="2023-06-04T17:34:32 IST" duration-ms="16566" status="PASS">
          <reporter-output>
          </reporter-output>
        </test-method> <!-- start -->
        <test-method signature="tc002Login()[pri:0, instance:SpiceJetTestCases.LoginTestcase@4e08711f]" started-at="2023-06-04T17:34:32 IST" name="tc002Login" finished-at="2023-06-04T17:34:48 IST" duration-ms="15500" status="PASS">
          <reporter-output>
          </reporter-output>
        </test-method> <!-- tc002Login -->
        <test-method is-config="true" signature="start()[pri:0, instance:SpiceJetTestCases.LoginTestcase@4e08711f]" started-at="2023-06-04T17:34:48 IST" name="start" finished-at="2023-06-04T17:35:17 IST" duration-ms="28885" status="PASS">
          <reporter-output>
          </reporter-output>
        </test-method> <!-- start -->
        <test-method signature="tc003invalidMobno()[pri:0, instance:SpiceJetTestCases.LoginTestcase@4e08711f]" started-at="2023-06-04T17:35:17 IST" name="tc003invalidMobno" finished-at="2023-06-04T17:35:24 IST" duration-ms="7109" status="FAIL">
          <exception class="org.openqa.selenium.NoSuchElementException">
            <message>
              <![CDATA[no such element: Unable to locate element: {"method":"xpath","selector":"(//input[contains(@class,'css-1cwyjr8 r-homxoj r-13awgt0 r-ubezar r-tmtnm0 r-oxtfae r-10paoce r-ymttw5 r-9qu9m4')])[1]"}
  (Session info: chrome=113.0.5672.129)
For documentation on this error, please visit: https://www.seleniumhq.org/exceptions/no_such_element.html
Build info: version: '3.141.59', revision: 'e82be7d358', time: '2018-11-14T08:17:03'
System info: host: 'VISHAL', ip: '192.168.202.239', os.name: 'Windows 11', os.arch: 'amd64', os.version: '10.0', java.version: '17.0.5'
Driver info: org.openqa.selenium.chrome.ChromeDriver
Capabilities {acceptInsecureCerts: false, browserName: chrome, browserVersion: 113.0.5672.129, chrome: {chromedriverVersion: 113.0.5672.63 (0e1a4471d5ae..., userDataDir: C:\Users\DELL\AppData\Local...}, goog:chromeOptions: {debuggerAddress: localhost:26220}, javascriptEnabled: true, networkConnectionEnabled: false, pageLoadStrategy: normal, platform: WINDOWS, platformName: WINDOWS, proxy: Proxy(), setWindowRect: true, strictFileInteractability: false, timeouts: {implicit: 0, pageLoad: 300000, script: 30000}, unhandledPromptBehavior: dismiss and notify, webauthn:extension:credBlob: true, webauthn:extension:largeBlob: true, webauthn:extension:minPinLength: true, webauthn:extension:prf: true, webauthn:virtualAuthenticators: true}
Session ID: f52ab64872b6984ea2e5e7d8f981733f
*** Element info: {Using=xpath, value=(//input[contains(@class,'css-1cwyjr8 r-homxoj r-13awgt0 r-ubezar r-tmtnm0 r-oxtfae r-10paoce r-ymttw5 r-9qu9m4')])[1]}]]>
            </message>
            <full-stacktrace>
              <![CDATA[org.openqa.selenium.NoSuchElementException: no such element: Unable to locate element: {"method":"xpath","selector":"(//input[contains(@class,'css-1cwyjr8 r-homxoj r-13awgt0 r-ubezar r-tmtnm0 r-oxtfae r-10paoce r-ymttw5 r-9qu9m4')])[1]"}
  (Session info: chrome=113.0.5672.129)
For documentation on this error, please visit: https://www.seleniumhq.org/exceptions/no_such_element.html
Build info: version: '3.141.59', revision: 'e82be7d358', time: '2018-11-14T08:17:03'
System info: host: 'VISHAL', ip: '192.168.202.239', os.name: 'Windows 11', os.arch: 'amd64', os.version: '10.0', java.version: '17.0.5'
Driver info: org.openqa.selenium.chrome.ChromeDriver
Capabilities {acceptInsecureCerts: false, browserName: chrome, browserVersion: 113.0.5672.129, chrome: {chromedriverVersion: 113.0.5672.63 (0e1a4471d5ae..., userDataDir: C:\Users\DELL\AppData\Local...}, goog:chromeOptions: {debuggerAddress: localhost:26220}, javascriptEnabled: true, networkConnectionEnabled: false, pageLoadStrategy: normal, platform: WINDOWS, platformName: WINDOWS, proxy: Proxy(), setWindowRect: true, strictFileInteractability: false, timeouts: {implicit: 0, pageLoad: 300000, script: 30000}, unhandledPromptBehavior: dismiss and notify, webauthn:extension:credBlob: true, webauthn:extension:largeBlob: true, webauthn:extension:minPinLength: true, webauthn:extension:prf: true, webauthn:virtualAuthenticators: true}
Session ID: f52ab64872b6984ea2e5e7d8f981733f
*** Element info: {Using=xpath, value=(//input[contains(@class,'css-1cwyjr8 r-homxoj r-13awgt0 r-ubezar r-tmtnm0 r-oxtfae r-10paoce r-ymttw5 r-9qu9m4')])[1]}
at java.base/jdk.internal.reflect.NativeConstructorAccessorImpl.newInstance0(Native Method)
at java.base/jdk.internal.reflect.NativeConstructorAccessorImpl.newInstance(NativeConstructorAccessorImpl.java:77)
at java.base/jdk.internal.reflect.DelegatingConstructorAccessorImpl.newInstance(DelegatingConstructorAccessorImpl.java:45)
at java.base/java.lang.reflect.Constructor.newInstanceWithCaller(Constructor.java:499)
at java.base/java.lang.reflect.Constructor.newInstance(Constructor.java:480)
at org.openqa.selenium.remote.http.W3CHttpResponseCodec.createException(W3CHttpResponseCodec.java:187)
at org.openqa.selenium.remote.http.W3CHttpResponseCodec.decode(W3CHttpResponseCodec.java:122)
at org.openqa.selenium.remote.http.W3CHttpResponseCodec.decode(W3CHttpResponseCodec.java:49)
at org.openqa.selenium.remote.HttpCommandExecutor.execute(HttpCommandExecutor.java:158)
at org.openqa.selenium.remote.service.DriverCommandExecutor.execute(DriverCommandExecutor.java:83)
at org.openqa.selenium.remote.RemoteWebDriver.execute(RemoteWebDriver.java:552)
at org.openqa.selenium.remote.RemoteWebDriver.findElement(RemoteWebDriver.java:323)
at org.openqa.selenium.remote.RemoteWebDriver.findElementByXPath(RemoteWebDriver.java:428)
at org.openqa.selenium.By$ByXPath.findElement(By.java:353)
at org.openqa.selenium.remote.RemoteWebDriver.findElement(RemoteWebDriver.java:315)
at org.openqa.selenium.support.pagefactory.DefaultElementLocator.findElement(DefaultElementLocator.java:69)
at org.openqa.selenium.support.pagefactory.internal.LocatingElementHandler.invoke(LocatingElementHandler.java:38)
at jdk.proxy2/jdk.proxy2.$Proxy8.sendKeys(Unknown Source)
at SpiceJetPages.LoginPage.Login(LoginPage.java:40)
at SpiceJetTestCases.LoginTestcase.tc003invalidMobno(LoginTestcase.java:23)
at java.base/jdk.internal.reflect.NativeMethodAccessorImpl.invoke0(Native Method)
at java.base/jdk.internal.reflect.NativeMethodAccessorImpl.invoke(NativeMethodAccessorImpl.java:77)
at java.base/jdk.internal.reflect.DelegatingMethodAccessorImpl.invoke(DelegatingMethodAccessorImpl.java:43)
at java.base/java.lang.reflect.Method.invoke(Method.java:568)
at org.testng.internal.MethodInvocationHelper.invokeMethod(MethodInvocationHelper.java:133)
at org.testng.internal.TestInvoker.invokeMethod(TestInvoker.java:598)
at org.testng.internal.TestInvoker.invokeTestMethod(TestInvoker.java:173)
at org.testng.internal.MethodRunner.runInSequence(MethodRunner.java:46)
at org.testng.internal.TestInvoker$MethodInvocationAgent.invoke(TestInvoker.java:824)
at org.testng.internal.TestInvoker.invokeTestMethods(TestInvoker.java:146)
at org.testng.internal.TestMethodWorker.invokeTestMethods(TestMethodWorker.java:146)
at org.testng.internal.TestMethodWorker.run(TestMethodWorker.java:128)
at java.base/java.util.ArrayList.forEach(ArrayList.java:1511)
at org.testng.TestRunner.privateRun(TestRunner.java:794)
at org.testng.TestRunner.run(TestRunner.java:596)
at org.testng.SuiteRunner.runTest(SuiteRunner.java:377)
at org.testng.SuiteRunner.runSequentially(SuiteRunner.java:371)
at org.testng.SuiteRunner.privateRun(SuiteRunner.java:332)
at org.testng.SuiteRunner.run(SuiteRunner.java:276)
at org.testng.SuiteRunnerWorker.runSuite(SuiteRunnerWorker.java:53)
at org.testng.SuiteRunnerWorker.run(SuiteRunnerWorker.java:96)
at org.testng.TestNG.runSuitesSequentially(TestNG.java:1212)
at org.testng.TestNG.runSuitesLocally(TestNG.java:1134)
at org.testng.TestNG.runSuites(TestNG.java:1063)
at org.testng.TestNG.run(TestNG.java:1031)
at org.apache.maven.surefire.testng.TestNGExecutor.run(TestNGExecutor.java:281)
at org.apache.maven.surefire.testng.TestNGXmlTestSuite.execute(TestNGXmlTestSuite.java:75)
at org.apache.maven.surefire.testng.TestNGProvider.invoke(TestNGProvider.java:121)
at org.apache.maven.surefire.booter.ForkedBooter.invokeProviderInSameClassLoader(ForkedBooter.java:290)
at org.apache.maven.surefire.booter.ForkedBooter.runSuitesInProcess(ForkedBooter.java:242)
at org.apache.maven.surefire.booter.ForkedBooter.main(ForkedBooter.java:121)
]]>
            </full-stacktrace>
          </exception> <!-- org.openqa.selenium.NoSuchElementException -->
          <reporter-output>
          </reporter-output>
        </test-method> <!-- tc003invalidMobno -->
      </class> <!-- SpiceJetTestCases.LoginTestcase -->
      <class name="SpiceJetTestCases.FlightBookingTestcases">
        <test-method is-config="true" signature="start()[pri:0, instance:SpiceJetTestCases.FlightBookingTestcases@4988d8b8]" started-at="2023-06-04T17:35:24 IST" name="start" finished-at="2023-06-04T17:36:18 IST" duration-ms="53815" status="PASS">
          <reporter-output>
          </reporter-output>
        </test-method> <!-- start -->
        <test-method signature="tc006FlightBooking()[pri:0, instance:SpiceJetTestCases.FlightBookingTestcases@4988d8b8]" started-at="2023-06-04T17:36:18 IST" name="tc006FlightBooking" finished-at="2023-06-04T17:37:08 IST" duration-ms="50062" status="FAIL">
          <exception class="org.openqa.selenium.NoSuchElementException">
            <message>
              <![CDATA[no such element: Unable to locate element: {"method":"xpath","selector":"//input[@data-testid='city-inputbox-contact-details']"}
  (Session info: chrome=113.0.5672.129)
For documentation on this error, please visit: https://www.seleniumhq.org/exceptions/no_such_element.html
Build info: version: '3.141.59', revision: 'e82be7d358', time: '2018-11-14T08:17:03'
System info: host: 'VISHAL', ip: '192.168.202.239', os.name: 'Windows 11', os.arch: 'amd64', os.version: '10.0', java.version: '17.0.5'
Driver info: org.openqa.selenium.chrome.ChromeDriver
Capabilities {acceptInsecureCerts: false, browserName: chrome, browserVersion: 113.0.5672.129, chrome: {chromedriverVersion: 113.0.5672.63 (0e1a4471d5ae..., userDataDir: C:\Users\DELL\AppData\Local...}, goog:chromeOptions: {debuggerAddress: localhost:26374}, javascriptEnabled: true, networkConnectionEnabled: false, pageLoadStrategy: normal, platform: WINDOWS, platformName: WINDOWS, proxy: Proxy(), setWindowRect: true, strictFileInteractability: false, timeouts: {implicit: 0, pageLoad: 300000, script: 30000}, unhandledPromptBehavior: dismiss and notify, webauthn:extension:credBlob: true, webauthn:extension:largeBlob: true, webauthn:extension:minPinLength: true, webauthn:extension:prf: true, webauthn:virtualAuthenticators: true}
Session ID: c94f6f31a433b02ef662c2df85362a21
*** Element info: {Using=xpath, value=//input[@data-testid='city-inputbox-contact-details']}]]>
            </message>
            <full-stacktrace>
              <![CDATA[org.openqa.selenium.NoSuchElementException: no such element: Unable to locate element: {"method":"xpath","selector":"//input[@data-testid='city-inputbox-contact-details']"}
  (Session info: chrome=113.0.5672.129)
For documentation on this error, please visit: https://www.seleniumhq.org/exceptions/no_such_element.html
Build info: version: '3.141.59', revision: 'e82be7d358', time: '2018-11-14T08:17:03'
System info: host: 'VISHAL', ip: '192.168.202.239', os.name: 'Windows 11', os.arch: 'amd64', os.version: '10.0', java.version: '17.0.5'
Driver info: org.openqa.selenium.chrome.ChromeDriver
Capabilities {acceptInsecureCerts: false, browserName: chrome, browserVersion: 113.0.5672.129, chrome: {chromedriverVersion: 113.0.5672.63 (0e1a4471d5ae..., userDataDir: C:\Users\DELL\AppData\Local...}, goog:chromeOptions: {debuggerAddress: localhost:26374}, javascriptEnabled: true, networkConnectionEnabled: false, pageLoadStrategy: normal, platform: WINDOWS, platformName: WINDOWS, proxy: Proxy(), setWindowRect: true, strictFileInteractability: false, timeouts: {implicit: 0, pageLoad: 300000, script: 30000}, unhandledPromptBehavior: dismiss and notify, webauthn:extension:credBlob: true, webauthn:extension:largeBlob: true, webauthn:extension:minPinLength: true, webauthn:extension:prf: true, webauthn:virtualAuthenticators: true}
Session ID: c94f6f31a433b02ef662c2df85362a21
*** Element info: {Using=xpath, value=//input[@data-testid='city-inputbox-contact-details']}
at java.base/jdk.internal.reflect.NativeConstructorAccessorImpl.newInstance0(Native Method)
at java.base/jdk.internal.reflect.NativeConstructorAccessorImpl.newInstance(NativeConstructorAccessorImpl.java:77)
at java.base/jdk.internal.reflect.DelegatingConstructorAccessorImpl.newInstance(DelegatingConstructorAccessorImpl.java:45)
at java.base/java.lang.reflect.Constructor.newInstanceWithCaller(Constructor.java:499)
at java.base/java.lang.reflect.Constructor.newInstance(Constructor.java:480)
at org.openqa.selenium.remote.http.W3CHttpResponseCodec.createException(W3CHttpResponseCodec.java:187)
at org.openqa.selenium.remote.http.W3CHttpResponseCodec.decode(W3CHttpResponseCodec.java:122)
at org.openqa.selenium.remote.http.W3CHttpResponseCodec.decode(W3CHttpResponseCodec.java:49)
at org.openqa.selenium.remote.HttpCommandExecutor.execute(HttpCommandExecutor.java:158)
at org.openqa.selenium.remote.service.DriverCommandExecutor.execute(DriverCommandExecutor.java:83)
at org.openqa.selenium.remote.RemoteWebDriver.execute(RemoteWebDriver.java:552)
at org.openqa.selenium.remote.RemoteWebDriver.findElement(RemoteWebDriver.java:323)
at org.openqa.selenium.remote.RemoteWebDriver.findElementByXPath(RemoteWebDriver.java:428)
at org.openqa.selenium.By$ByXPath.findElement(By.java:353)
at org.openqa.selenium.remote.RemoteWebDriver.findElement(RemoteWebDriver.java:315)
at org.openqa.selenium.support.pagefactory.DefaultElementLocator.findElement(DefaultElementLocator.java:69)
at org.openqa.selenium.support.pagefactory.internal.LocatingElementHandler.invoke(LocatingElementHandler.java:38)
at jdk.proxy2/jdk.proxy2.$Proxy8.sendKeys(Unknown Source)
at SpiceJetPages.FlightBookingPage.contactDetails(FlightBookingPage.java:76)
at SpiceJetTestCases.FlightBookingTestcases.tc006FlightBooking(FlightBookingTestcases.java:20)
at java.base/jdk.internal.reflect.NativeMethodAccessorImpl.invoke0(Native Method)
at java.base/jdk.internal.reflect.NativeMethodAccessorImpl.invoke(NativeMethodAccessorImpl.java:77)
at java.base/jdk.internal.reflect.DelegatingMethodAccessorImpl.invoke(DelegatingMethodAccessorImpl.java:43)
at java.base/java.lang.reflect.Method.invoke(Method.java:568)
at org.testng.internal.MethodInvocationHelper.invokeMethod(MethodInvocationHelper.java:133)
at org.testng.internal.TestInvoker.invokeMethod(TestInvoker.java:598)
at org.testng.internal.TestInvoker.invokeTestMethod(TestInvoker.java:173)
at org.testng.internal.MethodRunner.runInSequence(MethodRunner.java:46)
at org.testng.internal.TestInvoker$MethodInvocationAgent.invoke(TestInvoker.java:824)
at org.testng.internal.TestInvoker.invokeTestMethods(TestInvoker.java:146)
at org.testng.internal.TestMethodWorker.invokeTestMethods(TestMethodWorker.java:146)
at org.testng.internal.TestMethodWorker.run(TestMethodWorker.java:128)
at java.base/java.util.ArrayList.forEach(ArrayList.java:1511)
at org.testng.TestRunner.privateRun(TestRunner.java:794)
at org.testng.TestRunner.run(TestRunner.java:596)
at org.testng.SuiteRunner.runTest(SuiteRunner.java:377)
at org.testng.SuiteRunner.runSequentially(SuiteRunner.java:371)
at org.testng.SuiteRunner.privateRun(SuiteRunner.java:332)
at org.testng.SuiteRunner.run(SuiteRunner.java:276)
at org.testng.SuiteRunnerWorker.runSuite(SuiteRunnerWorker.java:53)
at org.testng.SuiteRunnerWorker.run(SuiteRunnerWorker.java:96)
at org.testng.TestNG.runSuitesSequentially(TestNG.java:1212)
at org.testng.TestNG.runSuitesLocally(TestNG.java:1134)
at org.testng.TestNG.runSuites(TestNG.java:1063)
at org.testng.TestNG.run(TestNG.java:1031)
at org.apache.maven.surefire.testng.TestNGExecutor.run(TestNGExecutor.java:281)
at org.apache.maven.surefire.testng.TestNGXmlTestSuite.execute(TestNGXmlTestSuite.java:75)
at org.apache.maven.surefire.testng.TestNGProvider.invoke(TestNGProvider.java:121)
at org.apache.maven.surefire.booter.ForkedBooter.invokeProviderInSameClassLoader(ForkedBooter.java:290)
at org.apache.maven.surefire.booter.ForkedBooter.runSuitesInProcess(ForkedBooter.java:242)
at org.apache.maven.surefire.booter.ForkedBooter.main(ForkedBooter.java:121)
]]>
            </full-stacktrace>
          </exception> <!-- org.openqa.selenium.NoSuchElementException -->
          <reporter-output>
          </reporter-output>
        </test-method> <!-- tc006FlightBooking -->
      </class> <!-- SpiceJetTestCases.FlightBookingTestcases -->
    </test> <!-- Test -->
  </suite> <!-- Suite -->
  <suite started-at="2023-06-04T17:37:08 IST" name="Suite (0)" finished-at="2023-06-04T17:46:08 IST" duration-ms="540445">
    <groups>
    </groups>
    <test started-at="2023-06-04T17:37:08 IST" name="Test" finished-at="2023-06-04T17:46:08 IST" duration-ms="540445">
      <class name="SpiceJetTestCases.SearchForFlightTestCase">
        <test-method is-config="true" signature="start()[pri:0, instance:SpiceJetTestCases.SearchForFlightTestCase@6a2b953e]" started-at="2023-06-04T17:37:08 IST" name="start" finished-at="2023-06-04T17:37:50 IST" duration-ms="42000" status="PASS">
          <reporter-output>
          </reporter-output>
        </test-method> <!-- start -->
        <test-method signature="tc004SearchFlightOneway()[pri:0, instance:SpiceJetTestCases.SearchForFlightTestCase@6a2b953e]" started-at="2023-06-04T17:37:50 IST" name="tc004SearchFlightOneway" finished-at="2023-06-04T17:38:45 IST" duration-ms="55433" status="PASS">
          <reporter-output>
          </reporter-output>
        </test-method> <!-- tc004SearchFlightOneway -->
        <test-method is-config="true" signature="start()[pri:0, instance:SpiceJetTestCases.SearchForFlightTestCase@6a2b953e]" started-at="2023-06-04T17:38:45 IST" name="start" finished-at="2023-06-04T17:39:04 IST" duration-ms="18617" status="PASS">
          <reporter-output>
          </reporter-output>
        </test-method> <!-- start -->
        <test-method signature="tc005SearchFlightTwoway()[pri:0, instance:SpiceJetTestCases.SearchForFlightTestCase@6a2b953e]" started-at="2023-06-04T17:39:04 IST" name="tc005SearchFlightTwoway" finished-at="2023-06-04T17:39:40 IST" duration-ms="35669" status="PASS">
          <reporter-output>
          </reporter-output>
        </test-method> <!-- tc005SearchFlightTwoway -->
      </class> <!-- SpiceJetTestCases.SearchForFlightTestCase -->
      <class name="SpiceJetTestCases.SignupTestCase">
        <test-method is-config="true" signature="start()[pri:0, instance:SpiceJetTestCases.SignupTestCase@623a8092]" started-at="2023-06-04T17:44:28 IST" name="start" finished-at="2023-06-04T17:45:01 IST" duration-ms="32590" status="PASS">
          <reporter-output>
          </reporter-output>
        </test-method> <!-- start -->
        <test-method signature="tc001Signup()[pri:0, instance:SpiceJetTestCases.SignupTestCase@623a8092]" started-at="2023-06-04T17:45:01 IST" name="tc001Signup" finished-at="2023-06-04T17:46:08 IST" duration-ms="67406" status="PASS">
          <reporter-output>
          </reporter-output>
        </test-method> <!-- tc001Signup -->
      </class> <!-- SpiceJetTestCases.SignupTestCase -->
      <class name="SpiceJetTestCases.ValidateBookingTestCase">
        <test-method is-config="true" signature="start()[pri:0, instance:SpiceJetTestCases.ValidateBookingTestCase@548e6d58]" started-at="2023-06-04T17:39:40 IST" name="start" finished-at="2023-06-04T17:40:24 IST" duration-ms="44538" status="PASS">
          <reporter-output>
          </reporter-output>
        </test-method> <!-- start -->
        <test-method signature="validateFlightStatus()[pri:0, instance:SpiceJetTestCases.ValidateBookingTestCase@548e6d58]" started-at="2023-06-04T17:40:24 IST" name="validateFlightStatus" finished-at="2023-06-04T17:40:58 IST" duration-ms="33478" status="PASS">
          <reporter-output>
          </reporter-output>
        </test-method> <!-- validateFlightStatus -->
        <test-method is-config="true" signature="start()[pri:0, instance:SpiceJetTestCases.ValidateBookingTestCase@548e6d58]" started-at="2023-06-04T17:40:58 IST" name="start" finished-at="2023-06-04T17:42:43 IST" duration-ms="105657" status="PASS">
          <reporter-output>
          </reporter-output>
        </test-method> <!-- start -->
        <test-method signature="validateManageBooking()[pri:0, instance:SpiceJetTestCases.ValidateBookingTestCase@548e6d58]" started-at="2023-06-04T17:42:43 IST" name="validateManageBooking" finished-at="2023-06-04T17:43:16 IST" duration-ms="33081" status="PASS">
          <reporter-output>
          </reporter-output>
        </test-method> <!-- validateManageBooking -->
        <test-method is-config="true" signature="start()[pri:0, instance:SpiceJetTestCases.ValidateBookingTestCase@548e6d58]" started-at="2023-06-04T17:43:16 IST" name="start" finished-at="2023-06-04T17:44:10 IST" duration-ms="53782" status="PASS">
          <reporter-output>
          </reporter-output>
        </test-method> <!-- start -->
        <test-method signature="validatecheckinButton()[pri:0, instance:SpiceJetTestCases.ValidateBookingTestCase@548e6d58]" started-at="2023-06-04T17:44:10 IST" name="validatecheckinButton" finished-at="2023-06-04T17:44:28 IST" duration-ms="18011" status="PASS">
          <reporter-output>
          </reporter-output>
        </test-method> <!-- validatecheckinButton -->
      </class> <!-- SpiceJetTestCases.ValidateBookingTestCase -->
    </test> <!-- Test -->
  </suite> <!-- Suite (0) -->
</testng-results>
